<?xml version="1.0" encoding="UTF-8"?>
<!-- Generated by org.testng.reporters.JUnitXMLReporter -->
<testsuite ignored="6" hostname="Rajas-MacBook-Air.local" failures="3" tests="7" name="PurchaseCoffeeEndToEnd" time="9.426" errors="0" timestamp="2025-06-17T18:41:16 BST">
  <testcase classname="testCases.MenuItemsTest" name="items" time="0.041"/>
  <testcase classname="testCases.AddItemsToCartTest" name="addingToCart" time="0.124"/>
  <testcase classname="testCases.ViewCartTest" name="updatedCart" time="0.143"/>
  <testcase classname="testCases.PaymentTest" name="purchaseFlow" time="0.678"/>
  <testcase classname="testCases.PaymentTest" name="purchaseFlow" time="1.071">
    <failure type="org.openqa.selenium.ElementClickInterceptedException" message="element click intercepted: Element &amp;lt;button data-v-a68519c8=&amp;quot;&amp;quot; data-test=&amp;quot;checkout&amp;quot; class=&amp;quot;pay&amp;quot; type=&amp;quot;button&amp;quot; aria-label=&amp;quot;Proceed to checkout&amp;quot;&amp;gt;...&amp;lt;/button&amp;gt; is not clickable at point (1783, 867). Other element would receive the click: &amp;lt;div data-v-0c450641=&amp;quot;&amp;quot; class=&amp;quot;snackbar success&amp;quot; role=&amp;quot;button&amp;quot; style=&amp;quot;&amp;quot;&amp;gt;...&amp;lt;/div&amp;gt;
  (Session info: chrome=137.0.7151.104)
Build info: version: &amp;apos;4.33.0&amp;apos;, revision: &amp;apos;2c6aaad03a&amp;apos;
System info: os.name: &amp;apos;Mac OS X&amp;apos;, os.arch: &amp;apos;aarch64&amp;apos;, os.version: &amp;apos;15.5&amp;apos;, java.version: &amp;apos;21.0.6&amp;apos;
Driver info: org.openqa.selenium.chrome.ChromeDriver
Command: [71655fd6ca9721cad623d54b3625abed, clickElement {id=f.AA1A5EA10E6E91B3B785970B6411E3F3.d.90549DB844A1F2621D701B0F0CCDFCD4.e.48}]
Capabilities {acceptInsecureCerts: false, browserName: chrome, browserVersion: 137.0.7151.104, chrome: {chromedriverVersion: 137.0.7151.70 (dfa4dc56b2ab..., userDataDir: /var/folders/fs/t7s3_2k51gd...}, fedcm:accounts: true, goog:chromeOptions: {debuggerAddress: localhost:50998}, networkConnectionEnabled: false, pageLoadStrategy: normal, platformName: mac, proxy: Proxy(), se:cdp: ws://localhost:50998/devtoo..., se:cdpVersion: 137.0.7151.104, setWindowRect: true, strictFileInteractability: false, timeouts: {implicit: 0, pageLoad: 300000, script: 30000}, unhandledPromptBehavior: dismiss and notify, webauthn:extension:credBlob: true, webauthn:extension:largeBlob: true, webauthn:extension:minPinLength: true, webauthn:extension:prf: true, webauthn:virtualAuthenticators: true}
Element: [[ChromeDriver: chrome on mac (71655fd6ca9721cad623d54b3625abed)] -&amp;gt; css selector: button[aria-label=&amp;apos;Proceed to checkout&amp;apos;]]
Session ID: 71655fd6ca9721cad623d54b3625abed">
      <![CDATA[org.openqa.selenium.ElementClickInterceptedException: element click intercepted: Element <button data-v-a68519c8="" data-test="checkout" class="pay" type="button" aria-label="Proceed to checkout">...</button> is not clickable at point (1783, 867). Other element would receive the click: <div data-v-0c450641="" class="snackbar success" role="button" style="">...</div>
  (Session info: chrome=137.0.7151.104)
Build info: version: '4.33.0', revision: '2c6aaad03a'
System info: os.name: 'Mac OS X', os.arch: 'aarch64', os.version: '15.5', java.version: '21.0.6'
Driver info: org.openqa.selenium.chrome.ChromeDriver
Command: [71655fd6ca9721cad623d54b3625abed, clickElement {id=f.AA1A5EA10E6E91B3B785970B6411E3F3.d.90549DB844A1F2621D701B0F0CCDFCD4.e.48}]
Capabilities {acceptInsecureCerts: false, browserName: chrome, browserVersion: 137.0.7151.104, chrome: {chromedriverVersion: 137.0.7151.70 (dfa4dc56b2ab..., userDataDir: /var/folders/fs/t7s3_2k51gd...}, fedcm:accounts: true, goog:chromeOptions: {debuggerAddress: localhost:50998}, networkConnectionEnabled: false, pageLoadStrategy: normal, platformName: mac, proxy: Proxy(), se:cdp: ws://localhost:50998/devtoo..., se:cdpVersion: 137.0.7151.104, setWindowRect: true, strictFileInteractability: false, timeouts: {implicit: 0, pageLoad: 300000, script: 30000}, unhandledPromptBehavior: dismiss and notify, webauthn:extension:credBlob: true, webauthn:extension:largeBlob: true, webauthn:extension:minPinLength: true, webauthn:extension:prf: true, webauthn:virtualAuthenticators: true}
Element: [[ChromeDriver: chrome on mac (71655fd6ca9721cad623d54b3625abed)] -> css selector: button[aria-label='Proceed to checkout']]
Session ID: 71655fd6ca9721cad623d54b3625abed
at org.openqa.selenium.remote.ErrorCodec.decode(ErrorCodec.java:167)
at org.openqa.selenium.remote.codec.w3c.W3CHttpResponseCodec.decode(W3CHttpResponseCodec.java:138)
at org.openqa.selenium.remote.codec.w3c.W3CHttpResponseCodec.decode(W3CHttpResponseCodec.java:50)
at org.openqa.selenium.remote.HttpCommandExecutor.execute(HttpCommandExecutor.java:215)
at org.openqa.selenium.remote.service.DriverCommandExecutor.invokeExecute(DriverCommandExecutor.java:216)
at org.openqa.selenium.remote.service.DriverCommandExecutor.execute(DriverCommandExecutor.java:174)
at org.openqa.selenium.remote.RemoteWebDriver.execute(RemoteWebDriver.java:544)
at org.openqa.selenium.remote.RemoteWebElement.execute(RemoteWebElement.java:223)
at org.openqa.selenium.remote.RemoteWebElement.click(RemoteWebElement.java:76)
at org.openqa.selenium.support.pagefactory.internal.LocatingElementHandler.invoke(LocatingElementHandler.java:51)
at jdk.proxy2/jdk.proxy2.$Proxy17.click(Unknown Source)
at pom.Payment.paymentDetails(Payment.java:41)
at testCases.PaymentTest.purchaseFlow(PaymentTest.java:39)
at java.base/java.util.ArrayList.forEach(ArrayList.java:1596)
... Removed 30 stack frames]]>
    </failure>
  </testcase> <!-- purchaseFlow -->
  <testcase classname="testCases.PaymentTest" name="purchaseFlow" time="1.074">
    <failure type="org.openqa.selenium.ElementClickInterceptedException" message="element click intercepted: Element &amp;lt;button data-v-a68519c8=&amp;quot;&amp;quot; data-test=&amp;quot;checkout&amp;quot; class=&amp;quot;pay&amp;quot; type=&amp;quot;button&amp;quot; aria-label=&amp;quot;Proceed to checkout&amp;quot;&amp;gt;...&amp;lt;/button&amp;gt; is not clickable at point (1783, 867). Other element would receive the click: &amp;lt;div data-v-0c450641=&amp;quot;&amp;quot; class=&amp;quot;snackbar success&amp;quot; role=&amp;quot;button&amp;quot; style=&amp;quot;&amp;quot;&amp;gt;...&amp;lt;/div&amp;gt;
  (Session info: chrome=137.0.7151.104)
Build info: version: &amp;apos;4.33.0&amp;apos;, revision: &amp;apos;2c6aaad03a&amp;apos;
System info: os.name: &amp;apos;Mac OS X&amp;apos;, os.arch: &amp;apos;aarch64&amp;apos;, os.version: &amp;apos;15.5&amp;apos;, java.version: &amp;apos;21.0.6&amp;apos;
Driver info: org.openqa.selenium.chrome.ChromeDriver
Command: [71655fd6ca9721cad623d54b3625abed, clickElement {id=f.AA1A5EA10E6E91B3B785970B6411E3F3.d.90549DB844A1F2621D701B0F0CCDFCD4.e.48}]
Capabilities {acceptInsecureCerts: false, browserName: chrome, browserVersion: 137.0.7151.104, chrome: {chromedriverVersion: 137.0.7151.70 (dfa4dc56b2ab..., userDataDir: /var/folders/fs/t7s3_2k51gd...}, fedcm:accounts: true, goog:chromeOptions: {debuggerAddress: localhost:50998}, networkConnectionEnabled: false, pageLoadStrategy: normal, platformName: mac, proxy: Proxy(), se:cdp: ws://localhost:50998/devtoo..., se:cdpVersion: 137.0.7151.104, setWindowRect: true, strictFileInteractability: false, timeouts: {implicit: 0, pageLoad: 300000, script: 30000}, unhandledPromptBehavior: dismiss and notify, webauthn:extension:credBlob: true, webauthn:extension:largeBlob: true, webauthn:extension:minPinLength: true, webauthn:extension:prf: true, webauthn:virtualAuthenticators: true}
Element: [[ChromeDriver: chrome on mac (71655fd6ca9721cad623d54b3625abed)] -&amp;gt; css selector: button[aria-label=&amp;apos;Proceed to checkout&amp;apos;]]
Session ID: 71655fd6ca9721cad623d54b3625abed">
      <![CDATA[org.openqa.selenium.ElementClickInterceptedException: element click intercepted: Element <button data-v-a68519c8="" data-test="checkout" class="pay" type="button" aria-label="Proceed to checkout">...</button> is not clickable at point (1783, 867). Other element would receive the click: <div data-v-0c450641="" class="snackbar success" role="button" style="">...</div>
  (Session info: chrome=137.0.7151.104)
Build info: version: '4.33.0', revision: '2c6aaad03a'
System info: os.name: 'Mac OS X', os.arch: 'aarch64', os.version: '15.5', java.version: '21.0.6'
Driver info: org.openqa.selenium.chrome.ChromeDriver
Command: [71655fd6ca9721cad623d54b3625abed, clickElement {id=f.AA1A5EA10E6E91B3B785970B6411E3F3.d.90549DB844A1F2621D701B0F0CCDFCD4.e.48}]
Capabilities {acceptInsecureCerts: false, browserName: chrome, browserVersion: 137.0.7151.104, chrome: {chromedriverVersion: 137.0.7151.70 (dfa4dc56b2ab..., userDataDir: /var/folders/fs/t7s3_2k51gd...}, fedcm:accounts: true, goog:chromeOptions: {debuggerAddress: localhost:50998}, networkConnectionEnabled: false, pageLoadStrategy: normal, platformName: mac, proxy: Proxy(), se:cdp: ws://localhost:50998/devtoo..., se:cdpVersion: 137.0.7151.104, setWindowRect: true, strictFileInteractability: false, timeouts: {implicit: 0, pageLoad: 300000, script: 30000}, unhandledPromptBehavior: dismiss and notify, webauthn:extension:credBlob: true, webauthn:extension:largeBlob: true, webauthn:extension:minPinLength: true, webauthn:extension:prf: true, webauthn:virtualAuthenticators: true}
Element: [[ChromeDriver: chrome on mac (71655fd6ca9721cad623d54b3625abed)] -> css selector: button[aria-label='Proceed to checkout']]
Session ID: 71655fd6ca9721cad623d54b3625abed
at org.openqa.selenium.remote.ErrorCodec.decode(ErrorCodec.java:167)
at org.openqa.selenium.remote.codec.w3c.W3CHttpResponseCodec.decode(W3CHttpResponseCodec.java:138)
at org.openqa.selenium.remote.codec.w3c.W3CHttpResponseCodec.decode(W3CHttpResponseCodec.java:50)
at org.openqa.selenium.remote.HttpCommandExecutor.execute(HttpCommandExecutor.java:215)
at org.openqa.selenium.remote.service.DriverCommandExecutor.invokeExecute(DriverCommandExecutor.java:216)
at org.openqa.selenium.remote.service.DriverCommandExecutor.execute(DriverCommandExecutor.java:174)
at org.openqa.selenium.remote.RemoteWebDriver.execute(RemoteWebDriver.java:544)
at org.openqa.selenium.remote.RemoteWebElement.execute(RemoteWebElement.java:223)
at org.openqa.selenium.remote.RemoteWebElement.click(RemoteWebElement.java:76)
at org.openqa.selenium.support.pagefactory.internal.LocatingElementHandler.invoke(LocatingElementHandler.java:51)
at jdk.proxy2/jdk.proxy2.$Proxy17.click(Unknown Source)
at pom.Payment.paymentDetails(Payment.java:41)
at testCases.PaymentTest.purchaseFlow(PaymentTest.java:39)
at java.base/java.util.ArrayList.forEach(ArrayList.java:1596)
... Removed 30 stack frames]]>
    </failure>
  </testcase> <!-- purchaseFlow -->
  <testcase classname="testCases.PaymentTest" name="purchaseFlow" time="1.047">
    <failure type="org.openqa.selenium.ElementClickInterceptedException" message="element click intercepted: Element &amp;lt;button data-v-a68519c8=&amp;quot;&amp;quot; data-test=&amp;quot;checkout&amp;quot; class=&amp;quot;pay&amp;quot; type=&amp;quot;button&amp;quot; aria-label=&amp;quot;Proceed to checkout&amp;quot;&amp;gt;...&amp;lt;/button&amp;gt; is not clickable at point (1783, 867). Other element would receive the click: &amp;lt;div data-v-0c450641=&amp;quot;&amp;quot; class=&amp;quot;snackbar success fade-leave-active fade-leave-to&amp;quot; role=&amp;quot;button&amp;quot; style=&amp;quot;&amp;quot;&amp;gt;...&amp;lt;/div&amp;gt;
  (Session info: chrome=137.0.7151.104)
Build info: version: &amp;apos;4.33.0&amp;apos;, revision: &amp;apos;2c6aaad03a&amp;apos;
System info: os.name: &amp;apos;Mac OS X&amp;apos;, os.arch: &amp;apos;aarch64&amp;apos;, os.version: &amp;apos;15.5&amp;apos;, java.version: &amp;apos;21.0.6&amp;apos;
Driver info: org.openqa.selenium.chrome.ChromeDriver
Command: [71655fd6ca9721cad623d54b3625abed, clickElement {id=f.AA1A5EA10E6E91B3B785970B6411E3F3.d.90549DB844A1F2621D701B0F0CCDFCD4.e.48}]
Capabilities {acceptInsecureCerts: false, browserName: chrome, browserVersion: 137.0.7151.104, chrome: {chromedriverVersion: 137.0.7151.70 (dfa4dc56b2ab..., userDataDir: /var/folders/fs/t7s3_2k51gd...}, fedcm:accounts: true, goog:chromeOptions: {debuggerAddress: localhost:50998}, networkConnectionEnabled: false, pageLoadStrategy: normal, platformName: mac, proxy: Proxy(), se:cdp: ws://localhost:50998/devtoo..., se:cdpVersion: 137.0.7151.104, setWindowRect: true, strictFileInteractability: false, timeouts: {implicit: 0, pageLoad: 300000, script: 30000}, unhandledPromptBehavior: dismiss and notify, webauthn:extension:credBlob: true, webauthn:extension:largeBlob: true, webauthn:extension:minPinLength: true, webauthn:extension:prf: true, webauthn:virtualAuthenticators: true}
Element: [[ChromeDriver: chrome on mac (71655fd6ca9721cad623d54b3625abed)] -&amp;gt; css selector: button[aria-label=&amp;apos;Proceed to checkout&amp;apos;]]
Session ID: 71655fd6ca9721cad623d54b3625abed">
      <![CDATA[org.openqa.selenium.ElementClickInterceptedException: element click intercepted: Element <button data-v-a68519c8="" data-test="checkout" class="pay" type="button" aria-label="Proceed to checkout">...</button> is not clickable at point (1783, 867). Other element would receive the click: <div data-v-0c450641="" class="snackbar success fade-leave-active fade-leave-to" role="button" style="">...</div>
  (Session info: chrome=137.0.7151.104)
Build info: version: '4.33.0', revision: '2c6aaad03a'
System info: os.name: 'Mac OS X', os.arch: 'aarch64', os.version: '15.5', java.version: '21.0.6'
Driver info: org.openqa.selenium.chrome.ChromeDriver
Command: [71655fd6ca9721cad623d54b3625abed, clickElement {id=f.AA1A5EA10E6E91B3B785970B6411E3F3.d.90549DB844A1F2621D701B0F0CCDFCD4.e.48}]
Capabilities {acceptInsecureCerts: false, browserName: chrome, browserVersion: 137.0.7151.104, chrome: {chromedriverVersion: 137.0.7151.70 (dfa4dc56b2ab..., userDataDir: /var/folders/fs/t7s3_2k51gd...}, fedcm:accounts: true, goog:chromeOptions: {debuggerAddress: localhost:50998}, networkConnectionEnabled: false, pageLoadStrategy: normal, platformName: mac, proxy: Proxy(), se:cdp: ws://localhost:50998/devtoo..., se:cdpVersion: 137.0.7151.104, setWindowRect: true, strictFileInteractability: false, timeouts: {implicit: 0, pageLoad: 300000, script: 30000}, unhandledPromptBehavior: dismiss and notify, webauthn:extension:credBlob: true, webauthn:extension:largeBlob: true, webauthn:extension:minPinLength: true, webauthn:extension:prf: true, webauthn:virtualAuthenticators: true}
Element: [[ChromeDriver: chrome on mac (71655fd6ca9721cad623d54b3625abed)] -> css selector: button[aria-label='Proceed to checkout']]
Session ID: 71655fd6ca9721cad623d54b3625abed
at org.openqa.selenium.remote.ErrorCodec.decode(ErrorCodec.java:167)
at org.openqa.selenium.remote.codec.w3c.W3CHttpResponseCodec.decode(W3CHttpResponseCodec.java:138)
at org.openqa.selenium.remote.codec.w3c.W3CHttpResponseCodec.decode(W3CHttpResponseCodec.java:50)
at org.openqa.selenium.remote.HttpCommandExecutor.execute(HttpCommandExecutor.java:215)
at org.openqa.selenium.remote.service.DriverCommandExecutor.invokeExecute(DriverCommandExecutor.java:216)
at org.openqa.selenium.remote.service.DriverCommandExecutor.execute(DriverCommandExecutor.java:174)
at org.openqa.selenium.remote.RemoteWebDriver.execute(RemoteWebDriver.java:544)
at org.openqa.selenium.remote.RemoteWebElement.execute(RemoteWebElement.java:223)
at org.openqa.selenium.remote.RemoteWebElement.click(RemoteWebElement.java:76)
at org.openqa.selenium.support.pagefactory.internal.LocatingElementHandler.invoke(LocatingElementHandler.java:51)
at jdk.proxy2/jdk.proxy2.$Proxy17.click(Unknown Source)
at pom.Payment.paymentDetails(Payment.java:41)
at testCases.PaymentTest.purchaseFlow(PaymentTest.java:39)
at java.base/java.util.ArrayList.forEach(ArrayList.java:1596)
... Removed 30 stack frames]]>
    </failure>
  </testcase> <!-- purchaseFlow -->
  <testcase classname="base.BaseTest" name="@BeforeTest launch" time="0.0">
    <ignored/>
  </testcase> <!-- @BeforeTest launch -->
  <testcase classname="base.BaseTest" name="@AfterTest close" time="0.0">
    <ignored/>
  </testcase> <!-- @AfterTest close -->
  <testcase classname="base.BaseTest" name="@BeforeTest launch" time="0.0">
    <ignored/>
  </testcase> <!-- @BeforeTest launch -->
  <testcase classname="base.BaseTest" name="@AfterTest close" time="0.0">
    <ignored/>
  </testcase> <!-- @AfterTest close -->
  <testcase classname="base.BaseTest" name="@BeforeTest launch" time="0.0">
    <ignored/>
  </testcase> <!-- @BeforeTest launch -->
  <testcase classname="base.BaseTest" name="@AfterTest close" time="0.0">
    <ignored/>
  </testcase> <!-- @AfterTest close -->
</testsuite> <!-- PurchaseCoffeeEndToEnd -->
