<?xml version="1.0" encoding="UTF-8"?>
<!-- Generated by org.testng.reporters.JUnitXMLReporter -->
<testsuite ignored="6" hostname="Rajas-MacBook-Air.local" failures="3" tests="4" name="SingleUserPurchaseTest" time="6.248" errors="0" timestamp="2025-07-14T18:46:47 BST">
  <testcase classname="testCases.MenuItemsTest" name="items" time="0.037"/>
  <testcase classname="testCases.AddItemsToCartTest" name="addingToCart" time="0.183">
    <failure type="java.lang.AssertionError" message="The total cost is incorrect expected [Total: $33.00] but found [Total: $66.00]">
      <![CDATA[java.lang.AssertionError: The total cost is incorrect expected [Total: $33.00] but found [Total: $66.00]
at testCases.AddItemsToCartTest.addingToCart(AddItemsToCartTest.java:41)
at java.base/java.util.ArrayList.forEach(ArrayList.java:1596)
... Removed 30 stack frames]]>
    </failure>
  </testcase> <!-- addingToCart -->
  <testcase classname="testCases.ViewCartTest" name="updatedCart" time="0.062">
    <failure type="java.lang.AssertionError" message="expected [Total: $37.00] but found [Total: $66.00]">
      <![CDATA[java.lang.AssertionError: expected [Total: $37.00] but found [Total: $66.00]
at testCases.ViewCartTest.updatedCart(ViewCartTest.java:40)
at java.base/java.util.ArrayList.forEach(ArrayList.java:1596)
... Removed 31 stack frames]]>
    </failure>
  </testcase> <!-- updatedCart -->
  <testcase classname="testCases.PaymentTestSingleUserTest" name="purchaseFlow" time="1.077">
    <failure type="org.openqa.selenium.ElementClickInterceptedException" message="element click intercepted: Element &amp;lt;button data-v-a68519c8=&amp;quot;&amp;quot; data-test=&amp;quot;checkout&amp;quot; class=&amp;quot;pay&amp;quot; type=&amp;quot;button&amp;quot; aria-label=&amp;quot;Proceed to checkout&amp;quot;&amp;gt;...&amp;lt;/button&amp;gt; is not clickable at point (719, 84). Other element would receive the click: &amp;lt;div data-v-29c3be1b=&amp;quot;&amp;quot; data-v-a68519c8=&amp;quot;&amp;quot; class=&amp;quot;modal&amp;quot; style=&amp;quot;&amp;quot;&amp;gt;...&amp;lt;/div&amp;gt;
  (Session info: chrome=138.0.7204.101)
Build info: version: &amp;apos;4.33.0&amp;apos;, revision: &amp;apos;2c6aaad03a&amp;apos;
System info: os.name: &amp;apos;Mac OS X&amp;apos;, os.arch: &amp;apos;aarch64&amp;apos;, os.version: &amp;apos;15.5&amp;apos;, java.version: &amp;apos;21.0.6&amp;apos;
Driver info: org.openqa.selenium.chrome.ChromeDriver
Command: [bcff6a92c79ccf8b0a8903de6a3a311b, clickElement {id=f.0F19AE1C2F16C8BC8B9E7DC0F3797912.d.6C6220A3455CC25024F9739F70A5D9CE.e.31}]
Capabilities {acceptInsecureCerts: false, browserName: chrome, browserVersion: 138.0.7204.101, chrome: {chromedriverVersion: 138.0.7204.94 (545025748884..., userDataDir: /var/folders/fs/t7s3_2k51gd...}, fedcm:accounts: true, goog:chromeOptions: {debuggerAddress: localhost:53933}, networkConnectionEnabled: false, pageLoadStrategy: normal, platformName: mac, proxy: Proxy(), se:cdp: ws://localhost:53933/devtoo..., se:cdpVersion: 138.0.7204.101, setWindowRect: true, strictFileInteractability: false, timeouts: {implicit: 0, pageLoad: 300000, script: 30000}, unhandledPromptBehavior: dismiss and notify, webauthn:extension:credBlob: true, webauthn:extension:largeBlob: true, webauthn:extension:minPinLength: true, webauthn:extension:prf: true, webauthn:virtualAuthenticators: true}
Element: [[ChromeDriver: chrome on mac (bcff6a92c79ccf8b0a8903de6a3a311b)] -&amp;gt; css selector: button[aria-label=&amp;apos;Proceed to checkout&amp;apos;]]
Session ID: bcff6a92c79ccf8b0a8903de6a3a311b">
      <![CDATA[org.openqa.selenium.ElementClickInterceptedException: element click intercepted: Element <button data-v-a68519c8="" data-test="checkout" class="pay" type="button" aria-label="Proceed to checkout">...</button> is not clickable at point (719, 84). Other element would receive the click: <div data-v-29c3be1b="" data-v-a68519c8="" class="modal" style="">...</div>
  (Session info: chrome=138.0.7204.101)
Build info: version: '4.33.0', revision: '2c6aaad03a'
System info: os.name: 'Mac OS X', os.arch: 'aarch64', os.version: '15.5', java.version: '21.0.6'
Driver info: org.openqa.selenium.chrome.ChromeDriver
Command: [bcff6a92c79ccf8b0a8903de6a3a311b, clickElement {id=f.0F19AE1C2F16C8BC8B9E7DC0F3797912.d.6C6220A3455CC25024F9739F70A5D9CE.e.31}]
Capabilities {acceptInsecureCerts: false, browserName: chrome, browserVersion: 138.0.7204.101, chrome: {chromedriverVersion: 138.0.7204.94 (545025748884..., userDataDir: /var/folders/fs/t7s3_2k51gd...}, fedcm:accounts: true, goog:chromeOptions: {debuggerAddress: localhost:53933}, networkConnectionEnabled: false, pageLoadStrategy: normal, platformName: mac, proxy: Proxy(), se:cdp: ws://localhost:53933/devtoo..., se:cdpVersion: 138.0.7204.101, setWindowRect: true, strictFileInteractability: false, timeouts: {implicit: 0, pageLoad: 300000, script: 30000}, unhandledPromptBehavior: dismiss and notify, webauthn:extension:credBlob: true, webauthn:extension:largeBlob: true, webauthn:extension:minPinLength: true, webauthn:extension:prf: true, webauthn:virtualAuthenticators: true}
Element: [[ChromeDriver: chrome on mac (bcff6a92c79ccf8b0a8903de6a3a311b)] -> css selector: button[aria-label='Proceed to checkout']]
Session ID: bcff6a92c79ccf8b0a8903de6a3a311b
at org.openqa.selenium.remote.ErrorCodec.decode(ErrorCodec.java:167)
at org.openqa.selenium.remote.codec.w3c.W3CHttpResponseCodec.decode(W3CHttpResponseCodec.java:138)
at org.openqa.selenium.remote.codec.w3c.W3CHttpResponseCodec.decode(W3CHttpResponseCodec.java:50)
at org.openqa.selenium.remote.HttpCommandExecutor.execute(HttpCommandExecutor.java:215)
at org.openqa.selenium.remote.service.DriverCommandExecutor.invokeExecute(DriverCommandExecutor.java:216)
at org.openqa.selenium.remote.service.DriverCommandExecutor.execute(DriverCommandExecutor.java:174)
at org.openqa.selenium.remote.RemoteWebDriver.execute(RemoteWebDriver.java:544)
at org.openqa.selenium.remote.RemoteWebElement.execute(RemoteWebElement.java:223)
at org.openqa.selenium.remote.RemoteWebElement.click(RemoteWebElement.java:76)
at org.openqa.selenium.support.pagefactory.internal.LocatingElementHandler.invoke(LocatingElementHandler.java:51)
at jdk.proxy2/jdk.proxy2.$Proxy30.click(Unknown Source)
at pom.PaymentSingleUser.paymentDetails(PaymentSingleUser.java:49)
at testCases.PaymentTestSingleUserTest.purchaseFlow(PaymentTestSingleUserTest.java:37)
at java.base/java.util.ArrayList.forEach(ArrayList.java:1596)
... Removed 30 stack frames]]>
    </failure>
  </testcase> <!-- purchaseFlow -->
  <testcase classname="base.BaseTest" name="@BeforeTest launch" time="0.0">
    <ignored/>
  </testcase> <!-- @BeforeTest launch -->
  <testcase classname="base.BaseTest" name="@AfterTest close" time="0.0">
    <ignored/>
  </testcase> <!-- @AfterTest close -->
  <testcase classname="base.BaseTest" name="@BeforeTest launch" time="0.0">
    <ignored/>
  </testcase> <!-- @BeforeTest launch -->
  <testcase classname="base.BaseTest" name="@AfterTest close" time="0.0">
    <ignored/>
  </testcase> <!-- @AfterTest close -->
  <testcase classname="base.BaseTest" name="@BeforeTest launch" time="0.0">
    <ignored/>
  </testcase> <!-- @BeforeTest launch -->
  <testcase classname="base.BaseTest" name="@AfterTest close" time="0.0">
    <ignored/>
  </testcase> <!-- @AfterTest close -->
</testsuite> <!-- SingleUserPurchaseTest -->
