<!DOCTYPE html PUBLIC "-//W3C//DTD XHTML 1.1//EN" "https://www.w3.org/TR/xhtml11/DTD/xhtml11.dtd">
<html xmlns="https://www.w3.org/1999/xhtml">
<head>
<meta http-equiv="content-type" content="text/html; charset=UTF-8"/>
<title>TestNG Report</title>
<style type="text/css">table {margin-bottom:10px;border-collapse:collapse;empty-cells:show}th,td {border:1px solid #009;padding:.25em .5em}th {vertical-align:bottom}td {vertical-align:top}table a {font-weight:bold}.stripe td {background-color: #E6EBF9}.num {text-align:right}.passedodd td {background-color: #3F3}.passedeven td {background-color: #0A0}.skippedodd td {background-color: #DDD}.skippedeven td {background-color: #CCC}.failedodd td,.attn {background-color: #F33}.failedeven td,.stripe .attn {background-color: #D00}.stacktrace {white-space:pre;font-family:monospace}.totop {font-size:85%;text-align:center;border-bottom:2px solid #000}.invisible {display:none}</style>
</head>
<body>
<table>
<tr><th>Test</th><th># Passed</th><th># Skipped</th><th># Retried</th><th># Failed</th><th>Time (ms)</th><th>Included Groups</th><th>Excluded Groups</th></tr>
<tr><th colspan="8">CoffeCart</th></tr>
<tr><td><a href="#t0">SingleUserPurchaseTest</a></td><td class="num">1</td><td class="num">0</td><td class="num">0</td><td class="num attn">3</td><td class="num">6,248</td><td>singleuser</td><td></td></tr>
</table>
<table id='summary'><thead><tr><th>Class</th><th>Method</th><th>Start</th><th>Time (ms)</th></tr></thead><tbody><tr><th colspan="4">CoffeCart</th></tr></tbody><tbody id="t0"><tr><th colspan="4">SingleUserPurchaseTest &#8212; failed</th></tr><tr class="failedeven"><td rowspan="1">testCases.AddItemsToCartTest</td><td><a href="#m0">addingToCart</a></td><td rowspan="1">1752515202866</td><td rowspan="1">183</td></tr><tr class="failedodd"><td rowspan="1">testCases.PaymentTestSingleUserTest</td><td><a href="#m1">purchaseFlow</a></td><td rowspan="1">1752515203474</td><td rowspan="1">1077</td></tr><tr class="failedeven"><td rowspan="1">testCases.ViewCartTest</td><td><a href="#m2">updatedCart</a></td><td rowspan="1">1752515203233</td><td rowspan="1">62</td></tr><tr><th colspan="4">SingleUserPurchaseTest &#8212; passed</th></tr><tr class="passedeven"><td rowspan="1">testCases.MenuItemsTest</td><td><a href="#m3">items</a></td><td rowspan="1">1752515202825</td><td rowspan="1">37</td></tr></tbody>
</table>
<h2>SingleUserPurchaseTest</h2><h3 id="m0">testCases.AddItemsToCartTest#addingToCart</h3><table class="result"><tr><th>Exception</th></tr><tr><td><div class="stacktrace">java.lang.AssertionError: The total cost is incorrect expected [Total: $33.00] but found [Total: $66.00]
	at testCases.AddItemsToCartTest.addingToCart(AddItemsToCartTest.java:41)
	at java.base/java.util.ArrayList.forEach(ArrayList.java:1596)
... Removed 30 stack frames</div></td></tr></table><p class="totop"><a href="#summary">back to summary</a></p>
<h3 id="m1">testCases.PaymentTestSingleUserTest#purchaseFlow</h3><table class="result"><tr><th>Exception</th></tr><tr><td><div class="stacktrace">org.openqa.selenium.ElementClickInterceptedException: element click intercepted: Element &lt;button data-v-a68519c8=&quot;&quot; data-test=&quot;checkout&quot; class=&quot;pay&quot; type=&quot;button&quot; aria-label=&quot;Proceed to checkout&quot;&gt;...&lt;/button&gt; is not clickable at point (719, 84). Other element would receive the click: &lt;div data-v-29c3be1b=&quot;&quot; data-v-a68519c8=&quot;&quot; class=&quot;modal&quot; style=&quot;&quot;&gt;...&lt;/div&gt;
  (Session info: chrome=138.0.7204.101)
Build info: version: &apos;4.33.0&apos;, revision: &apos;2c6aaad03a&apos;
System info: os.name: &apos;Mac OS X&apos;, os.arch: &apos;aarch64&apos;, os.version: &apos;15.5&apos;, java.version: &apos;21.0.6&apos;
Driver info: org.openqa.selenium.chrome.ChromeDriver
Command: [bcff6a92c79ccf8b0a8903de6a3a311b, clickElement {id=f.0F19AE1C2F16C8BC8B9E7DC0F3797912.d.6C6220A3455CC25024F9739F70A5D9CE.e.31}]
Capabilities {acceptInsecureCerts: false, browserName: chrome, browserVersion: 138.0.7204.101, chrome: {chromedriverVersion: 138.0.7204.94 (545025748884..., userDataDir: /var/folders/fs/t7s3_2k51gd...}, fedcm:accounts: true, goog:chromeOptions: {debuggerAddress: localhost:53933}, networkConnectionEnabled: false, pageLoadStrategy: normal, platformName: mac, proxy: Proxy(), se:cdp: ws://localhost:53933/devtoo..., se:cdpVersion: 138.0.7204.101, setWindowRect: true, strictFileInteractability: false, timeouts: {implicit: 0, pageLoad: 300000, script: 30000}, unhandledPromptBehavior: dismiss and notify, webauthn:extension:credBlob: true, webauthn:extension:largeBlob: true, webauthn:extension:minPinLength: true, webauthn:extension:prf: true, webauthn:virtualAuthenticators: true}
Element: [[ChromeDriver: chrome on mac (bcff6a92c79ccf8b0a8903de6a3a311b)] -&gt; css selector: button[aria-label=&apos;Proceed to checkout&apos;]]
Session ID: bcff6a92c79ccf8b0a8903de6a3a311b
	at org.openqa.selenium.remote.ErrorCodec.decode(ErrorCodec.java:167)
	at org.openqa.selenium.remote.codec.w3c.W3CHttpResponseCodec.decode(W3CHttpResponseCodec.java:138)
	at org.openqa.selenium.remote.codec.w3c.W3CHttpResponseCodec.decode(W3CHttpResponseCodec.java:50)
	at org.openqa.selenium.remote.HttpCommandExecutor.execute(HttpCommandExecutor.java:215)
	at org.openqa.selenium.remote.service.DriverCommandExecutor.invokeExecute(DriverCommandExecutor.java:216)
	at org.openqa.selenium.remote.service.DriverCommandExecutor.execute(DriverCommandExecutor.java:174)
	at org.openqa.selenium.remote.RemoteWebDriver.execute(RemoteWebDriver.java:544)
	at org.openqa.selenium.remote.RemoteWebElement.execute(RemoteWebElement.java:223)
	at org.openqa.selenium.remote.RemoteWebElement.click(RemoteWebElement.java:76)
	at org.openqa.selenium.support.pagefactory.internal.LocatingElementHandler.invoke(LocatingElementHandler.java:51)
	at jdk.proxy2/jdk.proxy2.$Proxy30.click(Unknown Source)
	at pom.PaymentSingleUser.paymentDetails(PaymentSingleUser.java:49)
	at testCases.PaymentTestSingleUserTest.purchaseFlow(PaymentTestSingleUserTest.java:37)
	at java.base/java.util.ArrayList.forEach(ArrayList.java:1596)
... Removed 30 stack frames</div></td></tr></table><p class="totop"><a href="#summary">back to summary</a></p>
<h3 id="m2">testCases.ViewCartTest#updatedCart</h3><table class="result"><tr><th>Exception</th></tr><tr><td><div class="stacktrace">java.lang.AssertionError: expected [Total: $37.00] but found [Total: $66.00]
	at testCases.ViewCartTest.updatedCart(ViewCartTest.java:40)
	at java.base/java.util.ArrayList.forEach(ArrayList.java:1596)
... Removed 31 stack frames</div></td></tr></table><p class="totop"><a href="#summary">back to summary</a></p>
<h3 id="m3">testCases.MenuItemsTest#items</h3><table class="result"><tr><th class="invisible"/></tr></table><p class="totop"><a href="#summary">back to summary</a></p>
</body>
</html>
